Determining if the C compiler works failed with the following output:
Change Dir: /home/abhyuday/catkin_ws/src/drone/build/CMakeFiles/CMakeTmp

Run Build Command(s):/usr/bin/make cmTC_bcd4e/fast && /usr/bin/make -f CMakeFiles/cmTC_bcd4e.dir/build.make CMakeFiles/cmTC_bcd4e.dir/build
make[1]: Entering directory '/home/abhyuday/catkin_ws/src/drone/build/CMakeFiles/CMakeTmp'
Building C object CMakeFiles/cmTC_bcd4e.dir/testCCompiler.c.o
/mnt/c/MinGW/bin/gcc.exe    -o CMakeFiles/cmTC_bcd4e.dir/testCCompiler.c.o   -c /home/abhyuday/catkin_ws/src/drone/build/CMakeFiles/CMakeTmp/testCCompiler.c
Linking C executable cmTC_bcd4e
/usr/bin/cmake -E cmake_link_script CMakeFiles/cmTC_bcd4e.dir/link.txt --verbose=1
/mnt/c/MinGW/bin/gcc.exe      -rdynamic CMakeFiles/cmTC_bcd4e.dir/testCCompiler.c.o  -o cmTC_bcd4e 
gcc.exe: error: unrecognized command line option '-rdynamic'
make[1]: *** [CMakeFiles/cmTC_bcd4e.dir/build.make:87: cmTC_bcd4e] Error 1
make[1]: Leaving directory '/home/abhyuday/catkin_ws/src/drone/build/CMakeFiles/CMakeTmp'
make: *** [Makefile:121: cmTC_bcd4e/fast] Error 2



Determining if the C compiler works failed with the following output:
Change Dir: /home/abhyuday/catkin_ws/src/drone/build/CMakeFiles/CMakeTmp

Run Build Command(s):/usr/bin/make cmTC_e6084/fast && /usr/bin/make -f CMakeFiles/cmTC_e6084.dir/build.make CMakeFiles/cmTC_e6084.dir/build
make[1]: Entering directory '/home/abhyuday/catkin_ws/src/drone/build/CMakeFiles/CMakeTmp'
Building C object CMakeFiles/cmTC_e6084.dir/testCCompiler.c.o
/mnt/c/MinGW/bin/gcc.exe    -o CMakeFiles/cmTC_e6084.dir/testCCompiler.c.o   -c /home/abhyuday/catkin_ws/src/drone/build/CMakeFiles/CMakeTmp/testCCompiler.c
Linking C executable cmTC_e6084
/usr/bin/cmake -E cmake_link_script CMakeFiles/cmTC_e6084.dir/link.txt --verbose=1
/mnt/c/MinGW/bin/gcc.exe      -rdynamic CMakeFiles/cmTC_e6084.dir/testCCompiler.c.o  -o cmTC_e6084 
gcc.exe: error: unrecognized command line option '-rdynamic'
make[1]: *** [CMakeFiles/cmTC_e6084.dir/build.make:87: cmTC_e6084] Error 1
make[1]: Leaving directory '/home/abhyuday/catkin_ws/src/drone/build/CMakeFiles/CMakeTmp'
make: *** [Makefile:121: cmTC_e6084/fast] Error 2



Determining if the C compiler works failed with the following output:
Change Dir: /home/abhyuday/catkin_ws/src/drone/build/CMakeFiles/CMakeTmp

Run Build Command(s):/usr/bin/make cmTC_e5419/fast && /usr/bin/make -f CMakeFiles/cmTC_e5419.dir/build.make CMakeFiles/cmTC_e5419.dir/build
make[1]: Entering directory '/home/abhyuday/catkin_ws/src/drone/build/CMakeFiles/CMakeTmp'
Building C object CMakeFiles/cmTC_e5419.dir/testCCompiler.c.o
/mnt/c/MinGW/bin/gcc.exe    -o CMakeFiles/cmTC_e5419.dir/testCCompiler.c.o   -c /home/abhyuday/catkin_ws/src/drone/build/CMakeFiles/CMakeTmp/testCCompiler.c
Linking C executable cmTC_e5419
/usr/bin/cmake -E cmake_link_script CMakeFiles/cmTC_e5419.dir/link.txt --verbose=1
/mnt/c/MinGW/bin/gcc.exe      -rdynamic CMakeFiles/cmTC_e5419.dir/testCCompiler.c.o  -o cmTC_e5419 
gcc.exe: error: unrecognized command line option '-rdynamic'
make[1]: *** [CMakeFiles/cmTC_e5419.dir/build.make:87: cmTC_e5419] Error 1
make[1]: Leaving directory '/home/abhyuday/catkin_ws/src/drone/build/CMakeFiles/CMakeTmp'
make: *** [Makefile:121: cmTC_e5419/fast] Error 2



Determining if the C compiler works failed with the following output:
Change Dir: /home/abhyuday/catkin_ws/src/drone/build/CMakeFiles/CMakeTmp

Run Build Command(s):/usr/bin/make cmTC_e21ad/fast && /usr/bin/make -f CMakeFiles/cmTC_e21ad.dir/build.make CMakeFiles/cmTC_e21ad.dir/build
make[1]: Entering directory '/home/abhyuday/catkin_ws/src/drone/build/CMakeFiles/CMakeTmp'
Building C object CMakeFiles/cmTC_e21ad.dir/testCCompiler.c.o
/mnt/c/MinGW/bin/gcc.exe    -o CMakeFiles/cmTC_e21ad.dir/testCCompiler.c.o   -c /home/abhyuday/catkin_ws/src/drone/build/CMakeFiles/CMakeTmp/testCCompiler.c
Linking C executable cmTC_e21ad
/usr/bin/cmake -E cmake_link_script CMakeFiles/cmTC_e21ad.dir/link.txt --verbose=1
/mnt/c/MinGW/bin/gcc.exe      -rdynamic CMakeFiles/cmTC_e21ad.dir/testCCompiler.c.o  -o cmTC_e21ad 
gcc.exe: error: unrecognized command line option '-rdynamic'
make[1]: *** [CMakeFiles/cmTC_e21ad.dir/build.make:87: cmTC_e21ad] Error 1
make[1]: Leaving directory '/home/abhyuday/catkin_ws/src/drone/build/CMakeFiles/CMakeTmp'
make: *** [Makefile:121: cmTC_e21ad/fast] Error 2



Determining if the C compiler works failed with the following output:
Change Dir: /home/abhyuday/catkin_ws/src/drone/build/CMakeFiles/CMakeTmp

Run Build Command(s):/usr/bin/make cmTC_52f93/fast && /usr/bin/make -f CMakeFiles/cmTC_52f93.dir/build.make CMakeFiles/cmTC_52f93.dir/build
make[1]: Entering directory '/home/abhyuday/catkin_ws/src/drone/build/CMakeFiles/CMakeTmp'
Building C object CMakeFiles/cmTC_52f93.dir/testCCompiler.c.o
/mnt/c/MinGW/bin/gcc.exe    -o CMakeFiles/cmTC_52f93.dir/testCCompiler.c.o   -c /home/abhyuday/catkin_ws/src/drone/build/CMakeFiles/CMakeTmp/testCCompiler.c
Linking C executable cmTC_52f93
/usr/bin/cmake -E cmake_link_script CMakeFiles/cmTC_52f93.dir/link.txt --verbose=1
/mnt/c/MinGW/bin/gcc.exe      -rdynamic CMakeFiles/cmTC_52f93.dir/testCCompiler.c.o  -o cmTC_52f93 
gcc.exe: error: unrecognized command line option '-rdynamic'
make[1]: *** [CMakeFiles/cmTC_52f93.dir/build.make:87: cmTC_52f93] Error 1
make[1]: Leaving directory '/home/abhyuday/catkin_ws/src/drone/build/CMakeFiles/CMakeTmp'
make: *** [Makefile:121: cmTC_52f93/fast] Error 2



Determining if the C compiler works failed with the following output:
Change Dir: /home/abhyuday/catkin_ws/src/drone/build/CMakeFiles/CMakeTmp

Run Build Command(s):/usr/bin/make cmTC_5a924/fast && /usr/bin/make -f CMakeFiles/cmTC_5a924.dir/build.make CMakeFiles/cmTC_5a924.dir/build
make[1]: Entering directory '/home/abhyuday/catkin_ws/src/drone/build/CMakeFiles/CMakeTmp'
Building C object CMakeFiles/cmTC_5a924.dir/testCCompiler.c.o
/mnt/c/MinGW/bin/gcc.exe    -o CMakeFiles/cmTC_5a924.dir/testCCompiler.c.o   -c /home/abhyuday/catkin_ws/src/drone/build/CMakeFiles/CMakeTmp/testCCompiler.c
Linking C executable cmTC_5a924
/usr/bin/cmake -E cmake_link_script CMakeFiles/cmTC_5a924.dir/link.txt --verbose=1
/mnt/c/MinGW/bin/gcc.exe      -rdynamic CMakeFiles/cmTC_5a924.dir/testCCompiler.c.o  -o cmTC_5a924 
gcc.exe: error: unrecognized command line option '-rdynamic'
make[1]: *** [CMakeFiles/cmTC_5a924.dir/build.make:87: cmTC_5a924] Error 1
make[1]: Leaving directory '/home/abhyuday/catkin_ws/src/drone/build/CMakeFiles/CMakeTmp'
make: *** [Makefile:121: cmTC_5a924/fast] Error 2



Determining if the C compiler works failed with the following output:
Change Dir: /home/abhyuday/catkin_ws/src/drone/build/CMakeFiles/CMakeTmp

Run Build Command(s):/usr/bin/make cmTC_c096d/fast && /usr/bin/make -f CMakeFiles/cmTC_c096d.dir/build.make CMakeFiles/cmTC_c096d.dir/build
make[1]: Entering directory '/home/abhyuday/catkin_ws/src/drone/build/CMakeFiles/CMakeTmp'
Building C object CMakeFiles/cmTC_c096d.dir/testCCompiler.c.o
/mnt/c/MinGW/bin/gcc.exe    -o CMakeFiles/cmTC_c096d.dir/testCCompiler.c.o   -c /home/abhyuday/catkin_ws/src/drone/build/CMakeFiles/CMakeTmp/testCCompiler.c
Linking C executable cmTC_c096d
/usr/bin/cmake -E cmake_link_script CMakeFiles/cmTC_c096d.dir/link.txt --verbose=1
/mnt/c/MinGW/bin/gcc.exe      -rdynamic CMakeFiles/cmTC_c096d.dir/testCCompiler.c.o  -o cmTC_c096d 
gcc.exe: error: unrecognized command line option '-rdynamic'
make[1]: *** [CMakeFiles/cmTC_c096d.dir/build.make:87: cmTC_c096d] Error 1
make[1]: Leaving directory '/home/abhyuday/catkin_ws/src/drone/build/CMakeFiles/CMakeTmp'
make: *** [Makefile:121: cmTC_c096d/fast] Error 2



Determining if the C compiler works failed with the following output:
Change Dir: /home/abhyuday/catkin_ws/src/drone/build/CMakeFiles/CMakeTmp

Run Build Command(s):/usr/bin/make cmTC_2d5cc/fast && /usr/bin/make -f CMakeFiles/cmTC_2d5cc.dir/build.make CMakeFiles/cmTC_2d5cc.dir/build
make[1]: Entering directory '/home/abhyuday/catkin_ws/src/drone/build/CMakeFiles/CMakeTmp'
Building C object CMakeFiles/cmTC_2d5cc.dir/testCCompiler.c.o
/mnt/c/MinGW/bin/gcc.exe    -o CMakeFiles/cmTC_2d5cc.dir/testCCompiler.c.o   -c /home/abhyuday/catkin_ws/src/drone/build/CMakeFiles/CMakeTmp/testCCompiler.c
Linking C executable cmTC_2d5cc
/usr/bin/cmake -E cmake_link_script CMakeFiles/cmTC_2d5cc.dir/link.txt --verbose=1
/mnt/c/MinGW/bin/gcc.exe      -rdynamic CMakeFiles/cmTC_2d5cc.dir/testCCompiler.c.o  -o cmTC_2d5cc 
gcc.exe: error: unrecognized command line option '-rdynamic'
make[1]: *** [CMakeFiles/cmTC_2d5cc.dir/build.make:87: cmTC_2d5cc] Error 1
make[1]: Leaving directory '/home/abhyuday/catkin_ws/src/drone/build/CMakeFiles/CMakeTmp'
make: *** [Makefile:121: cmTC_2d5cc/fast] Error 2



Determining if the C compiler works failed with the following output:
Change Dir: /home/abhyuday/catkin_ws/src/drone/build/CMakeFiles/CMakeTmp

Run Build Command(s):/usr/bin/make cmTC_74581/fast && /usr/bin/make -f CMakeFiles/cmTC_74581.dir/build.make CMakeFiles/cmTC_74581.dir/build
make[1]: Entering directory '/home/abhyuday/catkin_ws/src/drone/build/CMakeFiles/CMakeTmp'
Building C object CMakeFiles/cmTC_74581.dir/testCCompiler.c.o
/mnt/c/MinGW/bin/gcc.exe    -o CMakeFiles/cmTC_74581.dir/testCCompiler.c.o   -c /home/abhyuday/catkin_ws/src/drone/build/CMakeFiles/CMakeTmp/testCCompiler.c
Linking C executable cmTC_74581
/usr/bin/cmake -E cmake_link_script CMakeFiles/cmTC_74581.dir/link.txt --verbose=1
/mnt/c/MinGW/bin/gcc.exe      -rdynamic CMakeFiles/cmTC_74581.dir/testCCompiler.c.o  -o cmTC_74581 
gcc.exe: error: unrecognized command line option '-rdynamic'
make[1]: *** [CMakeFiles/cmTC_74581.dir/build.make:87: cmTC_74581] Error 1
make[1]: Leaving directory '/home/abhyuday/catkin_ws/src/drone/build/CMakeFiles/CMakeTmp'
make: *** [Makefile:121: cmTC_74581/fast] Error 2



Determining if the C compiler works failed with the following output:
Change Dir: /home/abhyuday/catkin_ws/src/drone/build/CMakeFiles/CMakeTmp

Run Build Command(s):/usr/bin/make cmTC_805da/fast && /usr/bin/make -f CMakeFiles/cmTC_805da.dir/build.make CMakeFiles/cmTC_805da.dir/build
make[1]: Entering directory '/home/abhyuday/catkin_ws/src/drone/build/CMakeFiles/CMakeTmp'
Building C object CMakeFiles/cmTC_805da.dir/testCCompiler.c.o
/mnt/c/MinGW/bin/gcc.exe    -o CMakeFiles/cmTC_805da.dir/testCCompiler.c.o   -c /home/abhyuday/catkin_ws/src/drone/build/CMakeFiles/CMakeTmp/testCCompiler.c
Linking C executable cmTC_805da
/usr/bin/cmake -E cmake_link_script CMakeFiles/cmTC_805da.dir/link.txt --verbose=1
/mnt/c/MinGW/bin/gcc.exe      -rdynamic CMakeFiles/cmTC_805da.dir/testCCompiler.c.o  -o cmTC_805da 
gcc.exe: error: unrecognized command line option '-rdynamic'
make[1]: *** [CMakeFiles/cmTC_805da.dir/build.make:87: cmTC_805da] Error 1
make[1]: Leaving directory '/home/abhyuday/catkin_ws/src/drone/build/CMakeFiles/CMakeTmp'
make: *** [Makefile:121: cmTC_805da/fast] Error 2



Determining if the C compiler works failed with the following output:
Change Dir: /home/abhyuday/catkin_ws/src/drone/build/CMakeFiles/CMakeTmp

Run Build Command(s):/usr/bin/make cmTC_79a67/fast && /usr/bin/make -f CMakeFiles/cmTC_79a67.dir/build.make CMakeFiles/cmTC_79a67.dir/build
make[1]: Entering directory '/home/abhyuday/catkin_ws/src/drone/build/CMakeFiles/CMakeTmp'
Building C object CMakeFiles/cmTC_79a67.dir/testCCompiler.c.o
/mnt/c/MinGW/bin/gcc.exe    -o CMakeFiles/cmTC_79a67.dir/testCCompiler.c.o   -c /home/abhyuday/catkin_ws/src/drone/build/CMakeFiles/CMakeTmp/testCCompiler.c
Linking C executable cmTC_79a67
/usr/bin/cmake -E cmake_link_script CMakeFiles/cmTC_79a67.dir/link.txt --verbose=1
/mnt/c/MinGW/bin/gcc.exe      -rdynamic CMakeFiles/cmTC_79a67.dir/testCCompiler.c.o  -o cmTC_79a67 
gcc.exe: error: unrecognized command line option '-rdynamic'
make[1]: *** [CMakeFiles/cmTC_79a67.dir/build.make:87: cmTC_79a67] Error 1
make[1]: Leaving directory '/home/abhyuday/catkin_ws/src/drone/build/CMakeFiles/CMakeTmp'
make: *** [Makefile:121: cmTC_79a67/fast] Error 2



Determining if the C compiler works failed with the following output:
Change Dir: /home/abhyuday/catkin_ws/src/drone/build/CMakeFiles/CMakeTmp

Run Build Command(s):/usr/bin/make cmTC_83488/fast && /usr/bin/make -f CMakeFiles/cmTC_83488.dir/build.make CMakeFiles/cmTC_83488.dir/build
make[1]: Entering directory '/home/abhyuday/catkin_ws/src/drone/build/CMakeFiles/CMakeTmp'
Building C object CMakeFiles/cmTC_83488.dir/testCCompiler.c.o
/mnt/c/MinGW/bin/gcc.exe    -o CMakeFiles/cmTC_83488.dir/testCCompiler.c.o   -c /home/abhyuday/catkin_ws/src/drone/build/CMakeFiles/CMakeTmp/testCCompiler.c
Linking C executable cmTC_83488
/usr/bin/cmake -E cmake_link_script CMakeFiles/cmTC_83488.dir/link.txt --verbose=1
/mnt/c/MinGW/bin/gcc.exe      -rdynamic CMakeFiles/cmTC_83488.dir/testCCompiler.c.o  -o cmTC_83488 
gcc.exe: error: unrecognized command line option '-rdynamic'
make[1]: *** [CMakeFiles/cmTC_83488.dir/build.make:87: cmTC_83488] Error 1
make[1]: Leaving directory '/home/abhyuday/catkin_ws/src/drone/build/CMakeFiles/CMakeTmp'
make: *** [Makefile:121: cmTC_83488/fast] Error 2



Determining if the C compiler works failed with the following output:
Change Dir: /home/abhyuday/catkin_ws/src/drone/build/CMakeFiles/CMakeTmp

Run Build Command(s):/usr/bin/make cmTC_cae93/fast && /usr/bin/make -f CMakeFiles/cmTC_cae93.dir/build.make CMakeFiles/cmTC_cae93.dir/build
make[1]: Entering directory '/home/abhyuday/catkin_ws/src/drone/build/CMakeFiles/CMakeTmp'
Building C object CMakeFiles/cmTC_cae93.dir/testCCompiler.c.o
/mnt/c/MinGW/bin/gcc.exe    -o CMakeFiles/cmTC_cae93.dir/testCCompiler.c.o   -c /home/abhyuday/catkin_ws/src/drone/build/CMakeFiles/CMakeTmp/testCCompiler.c
Linking C executable cmTC_cae93
/usr/bin/cmake -E cmake_link_script CMakeFiles/cmTC_cae93.dir/link.txt --verbose=1
/mnt/c/MinGW/bin/gcc.exe      -rdynamic CMakeFiles/cmTC_cae93.dir/testCCompiler.c.o  -o cmTC_cae93 
gcc.exe: error: unrecognized command line option '-rdynamic'
make[1]: *** [CMakeFiles/cmTC_cae93.dir/build.make:87: cmTC_cae93] Error 1
make[1]: Leaving directory '/home/abhyuday/catkin_ws/src/drone/build/CMakeFiles/CMakeTmp'
make: *** [Makefile:121: cmTC_cae93/fast] Error 2



Determining if the C compiler works failed with the following output:
Change Dir: /home/abhyuday/catkin_ws/src/drone/build/CMakeFiles/CMakeTmp

Run Build Command(s):/usr/bin/make cmTC_bb8b7/fast && /usr/bin/make -f CMakeFiles/cmTC_bb8b7.dir/build.make CMakeFiles/cmTC_bb8b7.dir/build
make[1]: Entering directory '/home/abhyuday/catkin_ws/src/drone/build/CMakeFiles/CMakeTmp'
Building C object CMakeFiles/cmTC_bb8b7.dir/testCCompiler.c.o
/mnt/c/MinGW/bin/gcc.exe    -o CMakeFiles/cmTC_bb8b7.dir/testCCompiler.c.o   -c /home/abhyuday/catkin_ws/src/drone/build/CMakeFiles/CMakeTmp/testCCompiler.c
Linking C executable cmTC_bb8b7
/usr/bin/cmake -E cmake_link_script CMakeFiles/cmTC_bb8b7.dir/link.txt --verbose=1
/mnt/c/MinGW/bin/gcc.exe      -rdynamic CMakeFiles/cmTC_bb8b7.dir/testCCompiler.c.o  -o cmTC_bb8b7 
gcc.exe: error: unrecognized command line option '-rdynamic'
make[1]: *** [CMakeFiles/cmTC_bb8b7.dir/build.make:87: cmTC_bb8b7] Error 1
make[1]: Leaving directory '/home/abhyuday/catkin_ws/src/drone/build/CMakeFiles/CMakeTmp'
make: *** [Makefile:121: cmTC_bb8b7/fast] Error 2



Determining if the C compiler works failed with the following output:
Change Dir: /home/abhyuday/catkin_ws/src/drone/build/CMakeFiles/CMakeTmp

Run Build Command(s):/usr/bin/make cmTC_c7cf2/fast && /usr/bin/make -f CMakeFiles/cmTC_c7cf2.dir/build.make CMakeFiles/cmTC_c7cf2.dir/build
make[1]: Entering directory '/home/abhyuday/catkin_ws/src/drone/build/CMakeFiles/CMakeTmp'
Building C object CMakeFiles/cmTC_c7cf2.dir/testCCompiler.c.o
/mnt/c/MinGW/bin/gcc.exe    -o CMakeFiles/cmTC_c7cf2.dir/testCCompiler.c.o   -c /home/abhyuday/catkin_ws/src/drone/build/CMakeFiles/CMakeTmp/testCCompiler.c
Linking C executable cmTC_c7cf2
/usr/bin/cmake -E cmake_link_script CMakeFiles/cmTC_c7cf2.dir/link.txt --verbose=1
/mnt/c/MinGW/bin/gcc.exe      -rdynamic CMakeFiles/cmTC_c7cf2.dir/testCCompiler.c.o  -o cmTC_c7cf2 
gcc.exe: error: unrecognized command line option '-rdynamic'
make[1]: *** [CMakeFiles/cmTC_c7cf2.dir/build.make:87: cmTC_c7cf2] Error 1
make[1]: Leaving directory '/home/abhyuday/catkin_ws/src/drone/build/CMakeFiles/CMakeTmp'
make: *** [Makefile:121: cmTC_c7cf2/fast] Error 2



Determining if the C compiler works failed with the following output:
Change Dir: /home/abhyuday/catkin_ws/src/drone/build/CMakeFiles/CMakeTmp

Run Build Command(s):/usr/bin/make cmTC_8fa90/fast && /usr/bin/make -f CMakeFiles/cmTC_8fa90.dir/build.make CMakeFiles/cmTC_8fa90.dir/build
make[1]: Entering directory '/home/abhyuday/catkin_ws/src/drone/build/CMakeFiles/CMakeTmp'
Building C object CMakeFiles/cmTC_8fa90.dir/testCCompiler.c.o
/mnt/c/MinGW/bin/gcc.exe    -o CMakeFiles/cmTC_8fa90.dir/testCCompiler.c.o   -c /home/abhyuday/catkin_ws/src/drone/build/CMakeFiles/CMakeTmp/testCCompiler.c
Linking C executable cmTC_8fa90
/usr/bin/cmake -E cmake_link_script CMakeFiles/cmTC_8fa90.dir/link.txt --verbose=1
/mnt/c/MinGW/bin/gcc.exe      -rdynamic CMakeFiles/cmTC_8fa90.dir/testCCompiler.c.o  -o cmTC_8fa90 
gcc.exe: error: unrecognized command line option '-rdynamic'
make[1]: *** [CMakeFiles/cmTC_8fa90.dir/build.make:87: cmTC_8fa90] Error 1
make[1]: Leaving directory '/home/abhyuday/catkin_ws/src/drone/build/CMakeFiles/CMakeTmp'
make: *** [Makefile:121: cmTC_8fa90/fast] Error 2



Determining if the C compiler works failed with the following output:
Change Dir: /home/abhyuday/catkin_ws/src/drone/build/CMakeFiles/CMakeTmp

Run Build Command(s):/usr/bin/make cmTC_7db65/fast && /usr/bin/make -f CMakeFiles/cmTC_7db65.dir/build.make CMakeFiles/cmTC_7db65.dir/build
make[1]: Entering directory '/home/abhyuday/catkin_ws/src/drone/build/CMakeFiles/CMakeTmp'
Building C object CMakeFiles/cmTC_7db65.dir/testCCompiler.c.o
/mnt/c/MinGW/bin/gcc.exe    -o CMakeFiles/cmTC_7db65.dir/testCCompiler.c.o   -c /home/abhyuday/catkin_ws/src/drone/build/CMakeFiles/CMakeTmp/testCCompiler.c
Linking C executable cmTC_7db65
/usr/bin/cmake -E cmake_link_script CMakeFiles/cmTC_7db65.dir/link.txt --verbose=1
/mnt/c/MinGW/bin/gcc.exe      -rdynamic CMakeFiles/cmTC_7db65.dir/testCCompiler.c.o  -o cmTC_7db65 
gcc.exe: error: unrecognized command line option '-rdynamic'
make[1]: *** [CMakeFiles/cmTC_7db65.dir/build.make:87: cmTC_7db65] Error 1
make[1]: Leaving directory '/home/abhyuday/catkin_ws/src/drone/build/CMakeFiles/CMakeTmp'
make: *** [Makefile:121: cmTC_7db65/fast] Error 2



Determining if the C compiler works failed with the following output:
Change Dir: /home/abhyuday/catkin_ws/src/drone/build/CMakeFiles/CMakeTmp

Run Build Command(s):/usr/bin/make cmTC_b6b79/fast && /usr/bin/make -f CMakeFiles/cmTC_b6b79.dir/build.make CMakeFiles/cmTC_b6b79.dir/build
make[1]: Entering directory '/home/abhyuday/catkin_ws/src/drone/build/CMakeFiles/CMakeTmp'
Building C object CMakeFiles/cmTC_b6b79.dir/testCCompiler.c.o
/mnt/c/MinGW/bin/gcc.exe    -o CMakeFiles/cmTC_b6b79.dir/testCCompiler.c.o   -c /home/abhyuday/catkin_ws/src/drone/build/CMakeFiles/CMakeTmp/testCCompiler.c
Linking C executable cmTC_b6b79
/usr/bin/cmake -E cmake_link_script CMakeFiles/cmTC_b6b79.dir/link.txt --verbose=1
/mnt/c/MinGW/bin/gcc.exe      -rdynamic CMakeFiles/cmTC_b6b79.dir/testCCompiler.c.o  -o cmTC_b6b79 
gcc.exe: error: unrecognized command line option '-rdynamic'
make[1]: *** [CMakeFiles/cmTC_b6b79.dir/build.make:87: cmTC_b6b79] Error 1
make[1]: Leaving directory '/home/abhyuday/catkin_ws/src/drone/build/CMakeFiles/CMakeTmp'
make: *** [Makefile:121: cmTC_b6b79/fast] Error 2



Determining if the C compiler works failed with the following output:
Change Dir: /home/abhyuday/catkin_ws/src/drone/build/CMakeFiles/CMakeTmp

Run Build Command(s):/usr/bin/make cmTC_337cc/fast && /usr/bin/make -f CMakeFiles/cmTC_337cc.dir/build.make CMakeFiles/cmTC_337cc.dir/build
make[1]: Entering directory '/home/abhyuday/catkin_ws/src/drone/build/CMakeFiles/CMakeTmp'
Building C object CMakeFiles/cmTC_337cc.dir/testCCompiler.c.o
/mnt/c/MinGW/bin/gcc.exe    -o CMakeFiles/cmTC_337cc.dir/testCCompiler.c.o   -c /home/abhyuday/catkin_ws/src/drone/build/CMakeFiles/CMakeTmp/testCCompiler.c
Linking C executable cmTC_337cc
/usr/bin/cmake -E cmake_link_script CMakeFiles/cmTC_337cc.dir/link.txt --verbose=1
/mnt/c/MinGW/bin/gcc.exe      -rdynamic CMakeFiles/cmTC_337cc.dir/testCCompiler.c.o  -o cmTC_337cc 
gcc.exe: error: unrecognized command line option '-rdynamic'
make[1]: *** [CMakeFiles/cmTC_337cc.dir/build.make:87: cmTC_337cc] Error 1
make[1]: Leaving directory '/home/abhyuday/catkin_ws/src/drone/build/CMakeFiles/CMakeTmp'
make: *** [Makefile:121: cmTC_337cc/fast] Error 2



Determining if the C compiler works failed with the following output:
Change Dir: /home/abhyuday/catkin_ws/src/drone/build/CMakeFiles/CMakeTmp

Run Build Command(s):/usr/bin/make cmTC_349c7/fast && /usr/bin/make -f CMakeFiles/cmTC_349c7.dir/build.make CMakeFiles/cmTC_349c7.dir/build
make[1]: Entering directory '/home/abhyuday/catkin_ws/src/drone/build/CMakeFiles/CMakeTmp'
Building C object CMakeFiles/cmTC_349c7.dir/testCCompiler.c.o
/mnt/c/MinGW/bin/gcc.exe    -o CMakeFiles/cmTC_349c7.dir/testCCompiler.c.o   -c /home/abhyuday/catkin_ws/src/drone/build/CMakeFiles/CMakeTmp/testCCompiler.c
Linking C executable cmTC_349c7
/usr/bin/cmake -E cmake_link_script CMakeFiles/cmTC_349c7.dir/link.txt --verbose=1
/mnt/c/MinGW/bin/gcc.exe      -rdynamic CMakeFiles/cmTC_349c7.dir/testCCompiler.c.o  -o cmTC_349c7 
gcc.exe: error: unrecognized command line option '-rdynamic'
make[1]: *** [CMakeFiles/cmTC_349c7.dir/build.make:87: cmTC_349c7] Error 1
make[1]: Leaving directory '/home/abhyuday/catkin_ws/src/drone/build/CMakeFiles/CMakeTmp'
make: *** [Makefile:121: cmTC_349c7/fast] Error 2



Determining if the C compiler works failed with the following output:
Change Dir: /home/abhyuday/catkin_ws/src/drone/build/CMakeFiles/CMakeTmp

Run Build Command(s):/usr/bin/make cmTC_0b610/fast && /usr/bin/make -f CMakeFiles/cmTC_0b610.dir/build.make CMakeFiles/cmTC_0b610.dir/build
make[1]: Entering directory '/home/abhyuday/catkin_ws/src/drone/build/CMakeFiles/CMakeTmp'
Building C object CMakeFiles/cmTC_0b610.dir/testCCompiler.c.o
/mnt/c/MinGW/bin/gcc.exe    -o CMakeFiles/cmTC_0b610.dir/testCCompiler.c.o   -c /home/abhyuday/catkin_ws/src/drone/build/CMakeFiles/CMakeTmp/testCCompiler.c
Linking C executable cmTC_0b610
/usr/bin/cmake -E cmake_link_script CMakeFiles/cmTC_0b610.dir/link.txt --verbose=1
/mnt/c/MinGW/bin/gcc.exe      -rdynamic CMakeFiles/cmTC_0b610.dir/testCCompiler.c.o  -o cmTC_0b610 
gcc.exe: error: unrecognized command line option '-rdynamic'
make[1]: *** [CMakeFiles/cmTC_0b610.dir/build.make:87: cmTC_0b610] Error 1
make[1]: Leaving directory '/home/abhyuday/catkin_ws/src/drone/build/CMakeFiles/CMakeTmp'
make: *** [Makefile:121: cmTC_0b610/fast] Error 2



Determining if the C compiler works failed with the following output:
Change Dir: /home/abhyuday/catkin_ws/src/drone/build/CMakeFiles/CMakeTmp

Run Build Command(s):/usr/bin/make cmTC_4ea7f/fast && /usr/bin/make -f CMakeFiles/cmTC_4ea7f.dir/build.make CMakeFiles/cmTC_4ea7f.dir/build
make[1]: Entering directory '/home/abhyuday/catkin_ws/src/drone/build/CMakeFiles/CMakeTmp'
Building C object CMakeFiles/cmTC_4ea7f.dir/testCCompiler.c.o
/mnt/c/MinGW/bin/gcc.exe    -o CMakeFiles/cmTC_4ea7f.dir/testCCompiler.c.o   -c /home/abhyuday/catkin_ws/src/drone/build/CMakeFiles/CMakeTmp/testCCompiler.c
Linking C executable cmTC_4ea7f
/usr/bin/cmake -E cmake_link_script CMakeFiles/cmTC_4ea7f.dir/link.txt --verbose=1
/mnt/c/MinGW/bin/gcc.exe      -rdynamic CMakeFiles/cmTC_4ea7f.dir/testCCompiler.c.o  -o cmTC_4ea7f 
gcc.exe: error: unrecognized command line option '-rdynamic'
make[1]: *** [CMakeFiles/cmTC_4ea7f.dir/build.make:87: cmTC_4ea7f] Error 1
make[1]: Leaving directory '/home/abhyuday/catkin_ws/src/drone/build/CMakeFiles/CMakeTmp'
make: *** [Makefile:121: cmTC_4ea7f/fast] Error 2



Determining if the C compiler works failed with the following output:
Change Dir: /home/abhyuday/catkin_ws/src/drone/build/CMakeFiles/CMakeTmp

Run Build Command(s):/usr/bin/make cmTC_748bd/fast && /usr/bin/make -f CMakeFiles/cmTC_748bd.dir/build.make CMakeFiles/cmTC_748bd.dir/build
make[1]: Entering directory '/home/abhyuday/catkin_ws/src/drone/build/CMakeFiles/CMakeTmp'
Building C object CMakeFiles/cmTC_748bd.dir/testCCompiler.c.o
/mnt/c/MinGW/bin/gcc.exe    -o CMakeFiles/cmTC_748bd.dir/testCCompiler.c.o   -c /home/abhyuday/catkin_ws/src/drone/build/CMakeFiles/CMakeTmp/testCCompiler.c
Linking C executable cmTC_748bd
/usr/bin/cmake -E cmake_link_script CMakeFiles/cmTC_748bd.dir/link.txt --verbose=1
/mnt/c/MinGW/bin/gcc.exe      -rdynamic CMakeFiles/cmTC_748bd.dir/testCCompiler.c.o  -o cmTC_748bd 
gcc.exe: error: unrecognized command line option '-rdynamic'
make[1]: *** [CMakeFiles/cmTC_748bd.dir/build.make:87: cmTC_748bd] Error 1
make[1]: Leaving directory '/home/abhyuday/catkin_ws/src/drone/build/CMakeFiles/CMakeTmp'
make: *** [Makefile:121: cmTC_748bd/fast] Error 2



Determining if the C compiler works failed with the following output:
Change Dir: /home/abhyuday/catkin_ws/src/drone/build/CMakeFiles/CMakeTmp

Run Build Command(s):/usr/bin/make cmTC_449a0/fast && /usr/bin/make -f CMakeFiles/cmTC_449a0.dir/build.make CMakeFiles/cmTC_449a0.dir/build
make[1]: Entering directory '/home/abhyuday/catkin_ws/src/drone/build/CMakeFiles/CMakeTmp'
Building C object CMakeFiles/cmTC_449a0.dir/testCCompiler.c.o
/mnt/c/MinGW/bin/gcc.exe    -o CMakeFiles/cmTC_449a0.dir/testCCompiler.c.o   -c /home/abhyuday/catkin_ws/src/drone/build/CMakeFiles/CMakeTmp/testCCompiler.c
Linking C executable cmTC_449a0
/usr/bin/cmake -E cmake_link_script CMakeFiles/cmTC_449a0.dir/link.txt --verbose=1
/mnt/c/MinGW/bin/gcc.exe      -rdynamic CMakeFiles/cmTC_449a0.dir/testCCompiler.c.o  -o cmTC_449a0 
gcc.exe: error: unrecognized command line option '-rdynamic'
make[1]: *** [CMakeFiles/cmTC_449a0.dir/build.make:87: cmTC_449a0] Error 1
make[1]: Leaving directory '/home/abhyuday/catkin_ws/src/drone/build/CMakeFiles/CMakeTmp'
make: *** [Makefile:121: cmTC_449a0/fast] Error 2



Determining if the C compiler works failed with the following output:
Change Dir: /home/abhyuday/catkin_ws/src/drone/build/CMakeFiles/CMakeTmp

Run Build Command(s):/usr/bin/make cmTC_75a96/fast && /usr/bin/make -f CMakeFiles/cmTC_75a96.dir/build.make CMakeFiles/cmTC_75a96.dir/build
make[1]: Entering directory '/home/abhyuday/catkin_ws/src/drone/build/CMakeFiles/CMakeTmp'
Building C object CMakeFiles/cmTC_75a96.dir/testCCompiler.c.o
/mnt/c/MinGW/bin/gcc.exe    -o CMakeFiles/cmTC_75a96.dir/testCCompiler.c.o   -c /home/abhyuday/catkin_ws/src/drone/build/CMakeFiles/CMakeTmp/testCCompiler.c
Linking C executable cmTC_75a96
/usr/bin/cmake -E cmake_link_script CMakeFiles/cmTC_75a96.dir/link.txt --verbose=1
/mnt/c/MinGW/bin/gcc.exe      -rdynamic CMakeFiles/cmTC_75a96.dir/testCCompiler.c.o  -o cmTC_75a96 
gcc.exe: error: unrecognized command line option '-rdynamic'
make[1]: *** [CMakeFiles/cmTC_75a96.dir/build.make:87: cmTC_75a96] Error 1
make[1]: Leaving directory '/home/abhyuday/catkin_ws/src/drone/build/CMakeFiles/CMakeTmp'
make: *** [Makefile:121: cmTC_75a96/fast] Error 2



Determining if the C compiler works failed with the following output:
Change Dir: /home/abhyuday/catkin_ws/src/drone/build/CMakeFiles/CMakeTmp

Run Build Command(s):/usr/bin/make cmTC_446e9/fast && /usr/bin/make -f CMakeFiles/cmTC_446e9.dir/build.make CMakeFiles/cmTC_446e9.dir/build
make[1]: Entering directory '/home/abhyuday/catkin_ws/src/drone/build/CMakeFiles/CMakeTmp'
Building C object CMakeFiles/cmTC_446e9.dir/testCCompiler.c.o
/mnt/c/MinGW/bin/gcc.exe    -o CMakeFiles/cmTC_446e9.dir/testCCompiler.c.o   -c /home/abhyuday/catkin_ws/src/drone/build/CMakeFiles/CMakeTmp/testCCompiler.c
Linking C executable cmTC_446e9
/usr/bin/cmake -E cmake_link_script CMakeFiles/cmTC_446e9.dir/link.txt --verbose=1
/mnt/c/MinGW/bin/gcc.exe      -rdynamic CMakeFiles/cmTC_446e9.dir/testCCompiler.c.o  -o cmTC_446e9 
gcc.exe: error: unrecognized command line option '-rdynamic'
make[1]: *** [CMakeFiles/cmTC_446e9.dir/build.make:87: cmTC_446e9] Error 1
make[1]: Leaving directory '/home/abhyuday/catkin_ws/src/drone/build/CMakeFiles/CMakeTmp'
make: *** [Makefile:121: cmTC_446e9/fast] Error 2



Determining if the C compiler works failed with the following output:
Change Dir: /home/abhyuday/catkin_ws/src/drone/build/CMakeFiles/CMakeTmp

Run Build Command(s):/usr/bin/make cmTC_08bff/fast && /usr/bin/make -f CMakeFiles/cmTC_08bff.dir/build.make CMakeFiles/cmTC_08bff.dir/build
make[1]: Entering directory '/home/abhyuday/catkin_ws/src/drone/build/CMakeFiles/CMakeTmp'
Building C object CMakeFiles/cmTC_08bff.dir/testCCompiler.c.o
/mnt/c/MinGW/bin/gcc.exe    -o CMakeFiles/cmTC_08bff.dir/testCCompiler.c.o   -c /home/abhyuday/catkin_ws/src/drone/build/CMakeFiles/CMakeTmp/testCCompiler.c
Linking C executable cmTC_08bff
/usr/bin/cmake -E cmake_link_script CMakeFiles/cmTC_08bff.dir/link.txt --verbose=1
/mnt/c/MinGW/bin/gcc.exe      -rdynamic CMakeFiles/cmTC_08bff.dir/testCCompiler.c.o  -o cmTC_08bff 
gcc.exe: error: unrecognized command line option '-rdynamic'
make[1]: *** [CMakeFiles/cmTC_08bff.dir/build.make:87: cmTC_08bff] Error 1
make[1]: Leaving directory '/home/abhyuday/catkin_ws/src/drone/build/CMakeFiles/CMakeTmp'
make: *** [Makefile:121: cmTC_08bff/fast] Error 2



Determining if the C compiler works failed with the following output:
Change Dir: /home/abhyuday/catkin_ws/src/drone/build/CMakeFiles/CMakeTmp

Run Build Command(s):/usr/bin/make cmTC_cff69/fast && /usr/bin/make -f CMakeFiles/cmTC_cff69.dir/build.make CMakeFiles/cmTC_cff69.dir/build
make[1]: Entering directory '/home/abhyuday/catkin_ws/src/drone/build/CMakeFiles/CMakeTmp'
Building C object CMakeFiles/cmTC_cff69.dir/testCCompiler.c.o
/mnt/c/MinGW/bin/gcc.exe    -o CMakeFiles/cmTC_cff69.dir/testCCompiler.c.o   -c /home/abhyuday/catkin_ws/src/drone/build/CMakeFiles/CMakeTmp/testCCompiler.c
Linking C executable cmTC_cff69
/usr/bin/cmake -E cmake_link_script CMakeFiles/cmTC_cff69.dir/link.txt --verbose=1
/mnt/c/MinGW/bin/gcc.exe      -rdynamic CMakeFiles/cmTC_cff69.dir/testCCompiler.c.o  -o cmTC_cff69 
gcc.exe: error: unrecognized command line option '-rdynamic'
make[1]: *** [CMakeFiles/cmTC_cff69.dir/build.make:87: cmTC_cff69] Error 1
make[1]: Leaving directory '/home/abhyuday/catkin_ws/src/drone/build/CMakeFiles/CMakeTmp'
make: *** [Makefile:121: cmTC_cff69/fast] Error 2



Determining if the C compiler works failed with the following output:
Change Dir: /home/abhyuday/catkin_ws/src/drone/build/CMakeFiles/CMakeTmp

Run Build Command(s):/usr/bin/make cmTC_530b1/fast && /usr/bin/make -f CMakeFiles/cmTC_530b1.dir/build.make CMakeFiles/cmTC_530b1.dir/build
make[1]: Entering directory '/home/abhyuday/catkin_ws/src/drone/build/CMakeFiles/CMakeTmp'
Building C object CMakeFiles/cmTC_530b1.dir/testCCompiler.c.o
/mnt/c/MinGW/bin/gcc.exe    -o CMakeFiles/cmTC_530b1.dir/testCCompiler.c.o   -c /home/abhyuday/catkin_ws/src/drone/build/CMakeFiles/CMakeTmp/testCCompiler.c
Linking C executable cmTC_530b1
/usr/bin/cmake -E cmake_link_script CMakeFiles/cmTC_530b1.dir/link.txt --verbose=1
/mnt/c/MinGW/bin/gcc.exe      -rdynamic CMakeFiles/cmTC_530b1.dir/testCCompiler.c.o  -o cmTC_530b1 
gcc.exe: error: unrecognized command line option '-rdynamic'
make[1]: *** [CMakeFiles/cmTC_530b1.dir/build.make:87: cmTC_530b1] Error 1
make[1]: Leaving directory '/home/abhyuday/catkin_ws/src/drone/build/CMakeFiles/CMakeTmp'
make: *** [Makefile:121: cmTC_530b1/fast] Error 2



Determining if the C compiler works failed with the following output:
Change Dir: /home/abhyuday/catkin_ws/src/drone/build/CMakeFiles/CMakeTmp

Run Build Command(s):/usr/bin/make cmTC_dc429/fast && /usr/bin/make -f CMakeFiles/cmTC_dc429.dir/build.make CMakeFiles/cmTC_dc429.dir/build
make[1]: Entering directory '/home/abhyuday/catkin_ws/src/drone/build/CMakeFiles/CMakeTmp'
Building C object CMakeFiles/cmTC_dc429.dir/testCCompiler.c.o
/mnt/c/MinGW/bin/gcc.exe    -o CMakeFiles/cmTC_dc429.dir/testCCompiler.c.o   -c /home/abhyuday/catkin_ws/src/drone/build/CMakeFiles/CMakeTmp/testCCompiler.c
Linking C executable cmTC_dc429
/usr/bin/cmake -E cmake_link_script CMakeFiles/cmTC_dc429.dir/link.txt --verbose=1
/mnt/c/MinGW/bin/gcc.exe      -rdynamic CMakeFiles/cmTC_dc429.dir/testCCompiler.c.o  -o cmTC_dc429 
gcc.exe: error: unrecognized command line option '-rdynamic'
make[1]: *** [CMakeFiles/cmTC_dc429.dir/build.make:87: cmTC_dc429] Error 1
make[1]: Leaving directory '/home/abhyuday/catkin_ws/src/drone/build/CMakeFiles/CMakeTmp'
make: *** [Makefile:121: cmTC_dc429/fast] Error 2



Determining if the C compiler works failed with the following output:
Change Dir: /home/abhyuday/catkin_ws/src/drone/build/CMakeFiles/CMakeTmp

Run Build Command(s):/usr/bin/make cmTC_b9490/fast && /usr/bin/make -f CMakeFiles/cmTC_b9490.dir/build.make CMakeFiles/cmTC_b9490.dir/build
make[1]: Entering directory '/home/abhyuday/catkin_ws/src/drone/build/CMakeFiles/CMakeTmp'
Building C object CMakeFiles/cmTC_b9490.dir/testCCompiler.c.o
/mnt/c/MinGW/bin/gcc.exe    -o CMakeFiles/cmTC_b9490.dir/testCCompiler.c.o   -c /home/abhyuday/catkin_ws/src/drone/build/CMakeFiles/CMakeTmp/testCCompiler.c
Linking C executable cmTC_b9490
/usr/bin/cmake -E cmake_link_script CMakeFiles/cmTC_b9490.dir/link.txt --verbose=1
/mnt/c/MinGW/bin/gcc.exe      -rdynamic CMakeFiles/cmTC_b9490.dir/testCCompiler.c.o  -o cmTC_b9490 
gcc.exe: error: unrecognized command line option '-rdynamic'
make[1]: *** [CMakeFiles/cmTC_b9490.dir/build.make:87: cmTC_b9490] Error 1
make[1]: Leaving directory '/home/abhyuday/catkin_ws/src/drone/build/CMakeFiles/CMakeTmp'
make: *** [Makefile:121: cmTC_b9490/fast] Error 2



Determining if the C compiler works failed with the following output:
Change Dir: /home/abhyuday/catkin_ws/src/drone/build/CMakeFiles/CMakeTmp

Run Build Command(s):/usr/bin/make cmTC_55309/fast && /usr/bin/make -f CMakeFiles/cmTC_55309.dir/build.make CMakeFiles/cmTC_55309.dir/build
make[1]: Entering directory '/home/abhyuday/catkin_ws/src/drone/build/CMakeFiles/CMakeTmp'
Building C object CMakeFiles/cmTC_55309.dir/testCCompiler.c.o
/mnt/c/MinGW/bin/gcc.exe    -o CMakeFiles/cmTC_55309.dir/testCCompiler.c.o   -c /home/abhyuday/catkin_ws/src/drone/build/CMakeFiles/CMakeTmp/testCCompiler.c
Linking C executable cmTC_55309
/usr/bin/cmake -E cmake_link_script CMakeFiles/cmTC_55309.dir/link.txt --verbose=1
/mnt/c/MinGW/bin/gcc.exe      -rdynamic CMakeFiles/cmTC_55309.dir/testCCompiler.c.o  -o cmTC_55309 
gcc.exe: error: unrecognized command line option '-rdynamic'
make[1]: *** [CMakeFiles/cmTC_55309.dir/build.make:87: cmTC_55309] Error 1
make[1]: Leaving directory '/home/abhyuday/catkin_ws/src/drone/build/CMakeFiles/CMakeTmp'
make: *** [Makefile:121: cmTC_55309/fast] Error 2



Determining if the C compiler works failed with the following output:
Change Dir: /home/abhyuday/catkin_ws/src/drone/build/CMakeFiles/CMakeTmp

Run Build Command(s):/usr/bin/make cmTC_8b7be/fast && /usr/bin/make -f CMakeFiles/cmTC_8b7be.dir/build.make CMakeFiles/cmTC_8b7be.dir/build
make[1]: Entering directory '/home/abhyuday/catkin_ws/src/drone/build/CMakeFiles/CMakeTmp'
Building C object CMakeFiles/cmTC_8b7be.dir/testCCompiler.c.o
/mnt/c/MinGW/bin/gcc.exe    -o CMakeFiles/cmTC_8b7be.dir/testCCompiler.c.o   -c /home/abhyuday/catkin_ws/src/drone/build/CMakeFiles/CMakeTmp/testCCompiler.c
Linking C executable cmTC_8b7be
/usr/bin/cmake -E cmake_link_script CMakeFiles/cmTC_8b7be.dir/link.txt --verbose=1
/mnt/c/MinGW/bin/gcc.exe      -rdynamic CMakeFiles/cmTC_8b7be.dir/testCCompiler.c.o  -o cmTC_8b7be 
gcc.exe: error: unrecognized command line option '-rdynamic'
make[1]: *** [CMakeFiles/cmTC_8b7be.dir/build.make:87: cmTC_8b7be] Error 1
make[1]: Leaving directory '/home/abhyuday/catkin_ws/src/drone/build/CMakeFiles/CMakeTmp'
make: *** [Makefile:121: cmTC_8b7be/fast] Error 2



Determining if the C compiler works failed with the following output:
Change Dir: /home/abhyuday/catkin_ws/src/drone/build/CMakeFiles/CMakeTmp

Run Build Command(s):/usr/bin/make cmTC_6bfe3/fast && /usr/bin/make -f CMakeFiles/cmTC_6bfe3.dir/build.make CMakeFiles/cmTC_6bfe3.dir/build
make[1]: Entering directory '/home/abhyuday/catkin_ws/src/drone/build/CMakeFiles/CMakeTmp'
Building C object CMakeFiles/cmTC_6bfe3.dir/testCCompiler.c.o
/mnt/c/MinGW/bin/gcc.exe    -o CMakeFiles/cmTC_6bfe3.dir/testCCompiler.c.o   -c /home/abhyuday/catkin_ws/src/drone/build/CMakeFiles/CMakeTmp/testCCompiler.c
Linking C executable cmTC_6bfe3
/usr/bin/cmake -E cmake_link_script CMakeFiles/cmTC_6bfe3.dir/link.txt --verbose=1
/mnt/c/MinGW/bin/gcc.exe      -rdynamic CMakeFiles/cmTC_6bfe3.dir/testCCompiler.c.o  -o cmTC_6bfe3 
gcc.exe: error: unrecognized command line option '-rdynamic'
make[1]: *** [CMakeFiles/cmTC_6bfe3.dir/build.make:87: cmTC_6bfe3] Error 1
make[1]: Leaving directory '/home/abhyuday/catkin_ws/src/drone/build/CMakeFiles/CMakeTmp'
make: *** [Makefile:121: cmTC_6bfe3/fast] Error 2



Determining if the C compiler works failed with the following output:
Change Dir: /home/abhyuday/catkin_ws/src/drone/build/CMakeFiles/CMakeTmp

Run Build Command(s):/usr/bin/make cmTC_f19c5/fast && /usr/bin/make -f CMakeFiles/cmTC_f19c5.dir/build.make CMakeFiles/cmTC_f19c5.dir/build
make[1]: Entering directory '/home/abhyuday/catkin_ws/src/drone/build/CMakeFiles/CMakeTmp'
Building C object CMakeFiles/cmTC_f19c5.dir/testCCompiler.c.o
/mnt/c/MinGW/bin/gcc.exe    -o CMakeFiles/cmTC_f19c5.dir/testCCompiler.c.o   -c /home/abhyuday/catkin_ws/src/drone/build/CMakeFiles/CMakeTmp/testCCompiler.c
Linking C executable cmTC_f19c5
/usr/bin/cmake -E cmake_link_script CMakeFiles/cmTC_f19c5.dir/link.txt --verbose=1
/mnt/c/MinGW/bin/gcc.exe      -rdynamic CMakeFiles/cmTC_f19c5.dir/testCCompiler.c.o  -o cmTC_f19c5 
gcc.exe: error: unrecognized command line option '-rdynamic'
make[1]: *** [CMakeFiles/cmTC_f19c5.dir/build.make:87: cmTC_f19c5] Error 1
make[1]: Leaving directory '/home/abhyuday/catkin_ws/src/drone/build/CMakeFiles/CMakeTmp'
make: *** [Makefile:121: cmTC_f19c5/fast] Error 2



Determining if the C compiler works failed with the following output:
Change Dir: /home/abhyuday/catkin_ws/src/drone/build/CMakeFiles/CMakeTmp

Run Build Command(s):/usr/bin/make cmTC_758e9/fast && /usr/bin/make -f CMakeFiles/cmTC_758e9.dir/build.make CMakeFiles/cmTC_758e9.dir/build
make[1]: Entering directory '/home/abhyuday/catkin_ws/src/drone/build/CMakeFiles/CMakeTmp'
Building C object CMakeFiles/cmTC_758e9.dir/testCCompiler.c.o
/mnt/c/MinGW/bin/gcc.exe    -o CMakeFiles/cmTC_758e9.dir/testCCompiler.c.o   -c /home/abhyuday/catkin_ws/src/drone/build/CMakeFiles/CMakeTmp/testCCompiler.c
Linking C executable cmTC_758e9
/usr/bin/cmake -E cmake_link_script CMakeFiles/cmTC_758e9.dir/link.txt --verbose=1
/mnt/c/MinGW/bin/gcc.exe      -rdynamic CMakeFiles/cmTC_758e9.dir/testCCompiler.c.o  -o cmTC_758e9 
gcc.exe: error: unrecognized command line option '-rdynamic'
make[1]: *** [CMakeFiles/cmTC_758e9.dir/build.make:87: cmTC_758e9] Error 1
make[1]: Leaving directory '/home/abhyuday/catkin_ws/src/drone/build/CMakeFiles/CMakeTmp'
make: *** [Makefile:121: cmTC_758e9/fast] Error 2



Determining if the C compiler works failed with the following output:
Change Dir: /home/abhyuday/catkin_ws/src/drone/build/CMakeFiles/CMakeTmp

Run Build Command(s):/usr/bin/make cmTC_404d3/fast && /usr/bin/make -f CMakeFiles/cmTC_404d3.dir/build.make CMakeFiles/cmTC_404d3.dir/build
make[1]: Entering directory '/home/abhyuday/catkin_ws/src/drone/build/CMakeFiles/CMakeTmp'
Building C object CMakeFiles/cmTC_404d3.dir/testCCompiler.c.o
/mnt/c/MinGW/bin/gcc.exe    -o CMakeFiles/cmTC_404d3.dir/testCCompiler.c.o   -c /home/abhyuday/catkin_ws/src/drone/build/CMakeFiles/CMakeTmp/testCCompiler.c
Linking C executable cmTC_404d3
/usr/bin/cmake -E cmake_link_script CMakeFiles/cmTC_404d3.dir/link.txt --verbose=1
/mnt/c/MinGW/bin/gcc.exe      -rdynamic CMakeFiles/cmTC_404d3.dir/testCCompiler.c.o  -o cmTC_404d3 
gcc.exe: error: unrecognized command line option '-rdynamic'
make[1]: *** [CMakeFiles/cmTC_404d3.dir/build.make:87: cmTC_404d3] Error 1
make[1]: Leaving directory '/home/abhyuday/catkin_ws/src/drone/build/CMakeFiles/CMakeTmp'
make: *** [Makefile:121: cmTC_404d3/fast] Error 2



Determining if the C compiler works failed with the following output:
Change Dir: /home/abhyuday/catkin_ws/src/drone/build/CMakeFiles/CMakeTmp

Run Build Command(s):/usr/bin/make cmTC_b93ca/fast && /usr/bin/make -f CMakeFiles/cmTC_b93ca.dir/build.make CMakeFiles/cmTC_b93ca.dir/build
make[1]: Entering directory '/home/abhyuday/catkin_ws/src/drone/build/CMakeFiles/CMakeTmp'
Building C object CMakeFiles/cmTC_b93ca.dir/testCCompiler.c.o
/mnt/c/MinGW/bin/gcc.exe    -o CMakeFiles/cmTC_b93ca.dir/testCCompiler.c.o   -c /home/abhyuday/catkin_ws/src/drone/build/CMakeFiles/CMakeTmp/testCCompiler.c
Linking C executable cmTC_b93ca
/usr/bin/cmake -E cmake_link_script CMakeFiles/cmTC_b93ca.dir/link.txt --verbose=1
/mnt/c/MinGW/bin/gcc.exe      -rdynamic CMakeFiles/cmTC_b93ca.dir/testCCompiler.c.o  -o cmTC_b93ca 
gcc.exe: error: unrecognized command line option '-rdynamic'
make[1]: *** [CMakeFiles/cmTC_b93ca.dir/build.make:87: cmTC_b93ca] Error 1
make[1]: Leaving directory '/home/abhyuday/catkin_ws/src/drone/build/CMakeFiles/CMakeTmp'
make: *** [Makefile:121: cmTC_b93ca/fast] Error 2



Determining if the C compiler works failed with the following output:
Change Dir: /home/abhyuday/catkin_ws/src/drone/build/CMakeFiles/CMakeTmp

Run Build Command(s):/usr/bin/make cmTC_d4aa1/fast && /usr/bin/make -f CMakeFiles/cmTC_d4aa1.dir/build.make CMakeFiles/cmTC_d4aa1.dir/build
make[1]: Entering directory '/home/abhyuday/catkin_ws/src/drone/build/CMakeFiles/CMakeTmp'
Building C object CMakeFiles/cmTC_d4aa1.dir/testCCompiler.c.o
/mnt/c/MinGW/bin/gcc.exe    -o CMakeFiles/cmTC_d4aa1.dir/testCCompiler.c.o   -c /home/abhyuday/catkin_ws/src/drone/build/CMakeFiles/CMakeTmp/testCCompiler.c
Linking C executable cmTC_d4aa1
/usr/bin/cmake -E cmake_link_script CMakeFiles/cmTC_d4aa1.dir/link.txt --verbose=1
/mnt/c/MinGW/bin/gcc.exe      -rdynamic CMakeFiles/cmTC_d4aa1.dir/testCCompiler.c.o  -o cmTC_d4aa1 
gcc.exe: error: unrecognized command line option '-rdynamic'
make[1]: *** [CMakeFiles/cmTC_d4aa1.dir/build.make:87: cmTC_d4aa1] Error 1
make[1]: Leaving directory '/home/abhyuday/catkin_ws/src/drone/build/CMakeFiles/CMakeTmp'
make: *** [Makefile:121: cmTC_d4aa1/fast] Error 2



Determining if the C compiler works failed with the following output:
Change Dir: /home/abhyuday/catkin_ws/src/drone/build/CMakeFiles/CMakeTmp

Run Build Command(s):/usr/bin/make cmTC_57638/fast && /usr/bin/make -f CMakeFiles/cmTC_57638.dir/build.make CMakeFiles/cmTC_57638.dir/build
make[1]: Entering directory '/home/abhyuday/catkin_ws/src/drone/build/CMakeFiles/CMakeTmp'
Building C object CMakeFiles/cmTC_57638.dir/testCCompiler.c.o
/mnt/c/MinGW/bin/gcc.exe    -o CMakeFiles/cmTC_57638.dir/testCCompiler.c.o   -c /home/abhyuday/catkin_ws/src/drone/build/CMakeFiles/CMakeTmp/testCCompiler.c
Linking C executable cmTC_57638
/usr/bin/cmake -E cmake_link_script CMakeFiles/cmTC_57638.dir/link.txt --verbose=1
/mnt/c/MinGW/bin/gcc.exe      -rdynamic CMakeFiles/cmTC_57638.dir/testCCompiler.c.o  -o cmTC_57638 
gcc.exe: error: unrecognized command line option '-rdynamic'
make[1]: *** [CMakeFiles/cmTC_57638.dir/build.make:87: cmTC_57638] Error 1
make[1]: Leaving directory '/home/abhyuday/catkin_ws/src/drone/build/CMakeFiles/CMakeTmp'
make: *** [Makefile:121: cmTC_57638/fast] Error 2



Determining if the C compiler works failed with the following output:
Change Dir: /home/abhyuday/catkin_ws/src/drone/build/CMakeFiles/CMakeTmp

Run Build Command(s):/usr/bin/make cmTC_9f9e7/fast && /usr/bin/make -f CMakeFiles/cmTC_9f9e7.dir/build.make CMakeFiles/cmTC_9f9e7.dir/build
make[1]: Entering directory '/home/abhyuday/catkin_ws/src/drone/build/CMakeFiles/CMakeTmp'
Building C object CMakeFiles/cmTC_9f9e7.dir/testCCompiler.c.o
/mnt/c/MinGW/bin/gcc.exe    -o CMakeFiles/cmTC_9f9e7.dir/testCCompiler.c.o   -c /home/abhyuday/catkin_ws/src/drone/build/CMakeFiles/CMakeTmp/testCCompiler.c
Linking C executable cmTC_9f9e7
/usr/bin/cmake -E cmake_link_script CMakeFiles/cmTC_9f9e7.dir/link.txt --verbose=1
/mnt/c/MinGW/bin/gcc.exe      -rdynamic CMakeFiles/cmTC_9f9e7.dir/testCCompiler.c.o  -o cmTC_9f9e7 
gcc.exe: error: unrecognized command line option '-rdynamic'
make[1]: *** [CMakeFiles/cmTC_9f9e7.dir/build.make:87: cmTC_9f9e7] Error 1
make[1]: Leaving directory '/home/abhyuday/catkin_ws/src/drone/build/CMakeFiles/CMakeTmp'
make: *** [Makefile:121: cmTC_9f9e7/fast] Error 2



Determining if the C compiler works failed with the following output:
Change Dir: /home/abhyuday/catkin_ws/src/drone/build/CMakeFiles/CMakeTmp

Run Build Command(s):/usr/bin/make cmTC_cc34e/fast && /usr/bin/make -f CMakeFiles/cmTC_cc34e.dir/build.make CMakeFiles/cmTC_cc34e.dir/build
make[1]: Entering directory '/home/abhyuday/catkin_ws/src/drone/build/CMakeFiles/CMakeTmp'
Building C object CMakeFiles/cmTC_cc34e.dir/testCCompiler.c.o
/mnt/c/MinGW/bin/gcc.exe    -o CMakeFiles/cmTC_cc34e.dir/testCCompiler.c.o   -c /home/abhyuday/catkin_ws/src/drone/build/CMakeFiles/CMakeTmp/testCCompiler.c
Linking C executable cmTC_cc34e
/usr/bin/cmake -E cmake_link_script CMakeFiles/cmTC_cc34e.dir/link.txt --verbose=1
/mnt/c/MinGW/bin/gcc.exe      -rdynamic CMakeFiles/cmTC_cc34e.dir/testCCompiler.c.o  -o cmTC_cc34e 
gcc.exe: error: unrecognized command line option '-rdynamic'
make[1]: *** [CMakeFiles/cmTC_cc34e.dir/build.make:87: cmTC_cc34e] Error 1
make[1]: Leaving directory '/home/abhyuday/catkin_ws/src/drone/build/CMakeFiles/CMakeTmp'
make: *** [Makefile:121: cmTC_cc34e/fast] Error 2



Determining if the C compiler works failed with the following output:
Change Dir: /home/abhyuday/catkin_ws/src/drone/build/CMakeFiles/CMakeTmp

Run Build Command(s):/usr/bin/make cmTC_25099/fast && /usr/bin/make -f CMakeFiles/cmTC_25099.dir/build.make CMakeFiles/cmTC_25099.dir/build
make[1]: Entering directory '/home/abhyuday/catkin_ws/src/drone/build/CMakeFiles/CMakeTmp'
Building C object CMakeFiles/cmTC_25099.dir/testCCompiler.c.o
/mnt/c/MinGW/bin/gcc.exe    -o CMakeFiles/cmTC_25099.dir/testCCompiler.c.o   -c /home/abhyuday/catkin_ws/src/drone/build/CMakeFiles/CMakeTmp/testCCompiler.c
Linking C executable cmTC_25099
/usr/bin/cmake -E cmake_link_script CMakeFiles/cmTC_25099.dir/link.txt --verbose=1
/mnt/c/MinGW/bin/gcc.exe      -rdynamic CMakeFiles/cmTC_25099.dir/testCCompiler.c.o  -o cmTC_25099 
gcc.exe: error: unrecognized command line option '-rdynamic'
make[1]: *** [CMakeFiles/cmTC_25099.dir/build.make:87: cmTC_25099] Error 1
make[1]: Leaving directory '/home/abhyuday/catkin_ws/src/drone/build/CMakeFiles/CMakeTmp'
make: *** [Makefile:121: cmTC_25099/fast] Error 2



Determining if the C compiler works failed with the following output:
Change Dir: /home/abhyuday/catkin_ws/src/drone/build/CMakeFiles/CMakeTmp

Run Build Command(s):/usr/bin/make cmTC_bfc17/fast && /usr/bin/make -f CMakeFiles/cmTC_bfc17.dir/build.make CMakeFiles/cmTC_bfc17.dir/build
make[1]: Entering directory '/home/abhyuday/catkin_ws/src/drone/build/CMakeFiles/CMakeTmp'
Building C object CMakeFiles/cmTC_bfc17.dir/testCCompiler.c.o
/mnt/c/MinGW/bin/gcc.exe    -o CMakeFiles/cmTC_bfc17.dir/testCCompiler.c.o   -c /home/abhyuday/catkin_ws/src/drone/build/CMakeFiles/CMakeTmp/testCCompiler.c
Linking C executable cmTC_bfc17
/usr/bin/cmake -E cmake_link_script CMakeFiles/cmTC_bfc17.dir/link.txt --verbose=1
/mnt/c/MinGW/bin/gcc.exe      -rdynamic CMakeFiles/cmTC_bfc17.dir/testCCompiler.c.o  -o cmTC_bfc17 
gcc.exe: error: unrecognized command line option '-rdynamic'
make[1]: *** [CMakeFiles/cmTC_bfc17.dir/build.make:87: cmTC_bfc17] Error 1
make[1]: Leaving directory '/home/abhyuday/catkin_ws/src/drone/build/CMakeFiles/CMakeTmp'
make: *** [Makefile:121: cmTC_bfc17/fast] Error 2



Determining if the C compiler works failed with the following output:
Change Dir: /home/abhyuday/catkin_ws/src/drone/build/CMakeFiles/CMakeTmp

Run Build Command(s):/usr/bin/make cmTC_b37f0/fast && /usr/bin/make -f CMakeFiles/cmTC_b37f0.dir/build.make CMakeFiles/cmTC_b37f0.dir/build
make[1]: Entering directory '/home/abhyuday/catkin_ws/src/drone/build/CMakeFiles/CMakeTmp'
Building C object CMakeFiles/cmTC_b37f0.dir/testCCompiler.c.o
/mnt/c/MinGW/bin/gcc.exe    -o CMakeFiles/cmTC_b37f0.dir/testCCompiler.c.o   -c /home/abhyuday/catkin_ws/src/drone/build/CMakeFiles/CMakeTmp/testCCompiler.c
Linking C executable cmTC_b37f0
/usr/bin/cmake -E cmake_link_script CMakeFiles/cmTC_b37f0.dir/link.txt --verbose=1
/mnt/c/MinGW/bin/gcc.exe      -rdynamic CMakeFiles/cmTC_b37f0.dir/testCCompiler.c.o  -o cmTC_b37f0 
gcc.exe: error: unrecognized command line option '-rdynamic'
make[1]: *** [CMakeFiles/cmTC_b37f0.dir/build.make:87: cmTC_b37f0] Error 1
make[1]: Leaving directory '/home/abhyuday/catkin_ws/src/drone/build/CMakeFiles/CMakeTmp'
make: *** [Makefile:121: cmTC_b37f0/fast] Error 2



Determining if the C compiler works failed with the following output:
Change Dir: /home/abhyuday/catkin_ws/src/drone/build/CMakeFiles/CMakeTmp

Run Build Command(s):/usr/bin/make cmTC_04b0c/fast && /usr/bin/make -f CMakeFiles/cmTC_04b0c.dir/build.make CMakeFiles/cmTC_04b0c.dir/build
make[1]: Entering directory '/home/abhyuday/catkin_ws/src/drone/build/CMakeFiles/CMakeTmp'
Building C object CMakeFiles/cmTC_04b0c.dir/testCCompiler.c.o
/mnt/c/MinGW/bin/gcc.exe    -o CMakeFiles/cmTC_04b0c.dir/testCCompiler.c.o   -c /home/abhyuday/catkin_ws/src/drone/build/CMakeFiles/CMakeTmp/testCCompiler.c
Linking C executable cmTC_04b0c
/usr/bin/cmake -E cmake_link_script CMakeFiles/cmTC_04b0c.dir/link.txt --verbose=1
/mnt/c/MinGW/bin/gcc.exe      -rdynamic CMakeFiles/cmTC_04b0c.dir/testCCompiler.c.o  -o cmTC_04b0c 
gcc.exe: error: unrecognized command line option '-rdynamic'
make[1]: *** [CMakeFiles/cmTC_04b0c.dir/build.make:87: cmTC_04b0c] Error 1
make[1]: Leaving directory '/home/abhyuday/catkin_ws/src/drone/build/CMakeFiles/CMakeTmp'
make: *** [Makefile:121: cmTC_04b0c/fast] Error 2



Determining if the C compiler works failed with the following output:
Change Dir: /home/abhyuday/catkin_ws/src/drone/build/CMakeFiles/CMakeTmp

Run Build Command(s):/usr/bin/make cmTC_93f4c/fast && /usr/bin/make -f CMakeFiles/cmTC_93f4c.dir/build.make CMakeFiles/cmTC_93f4c.dir/build
make[1]: Entering directory '/home/abhyuday/catkin_ws/src/drone/build/CMakeFiles/CMakeTmp'
Building C object CMakeFiles/cmTC_93f4c.dir/testCCompiler.c.o
/mnt/c/MinGW/bin/gcc.exe    -o CMakeFiles/cmTC_93f4c.dir/testCCompiler.c.o   -c /home/abhyuday/catkin_ws/src/drone/build/CMakeFiles/CMakeTmp/testCCompiler.c
Linking C executable cmTC_93f4c
/usr/bin/cmake -E cmake_link_script CMakeFiles/cmTC_93f4c.dir/link.txt --verbose=1
/mnt/c/MinGW/bin/gcc.exe      -rdynamic CMakeFiles/cmTC_93f4c.dir/testCCompiler.c.o  -o cmTC_93f4c 
gcc.exe: error: unrecognized command line option '-rdynamic'
make[1]: *** [CMakeFiles/cmTC_93f4c.dir/build.make:87: cmTC_93f4c] Error 1
make[1]: Leaving directory '/home/abhyuday/catkin_ws/src/drone/build/CMakeFiles/CMakeTmp'
make: *** [Makefile:121: cmTC_93f4c/fast] Error 2



